This file contains any messages produced by compilers while
running configure, to aid debugging if configure makes a mistake.

It was created by main configure 1.00, which was
generated by GNU Autoconf 2.57.  Invocation command line was

  $ ./configure 

## --------- ##
## Platform. ##
## --------- ##

hostname = haruka
uname -m = i686
uname -r = 2.4.20-8
uname -s = Linux
uname -v = #1 Thu Mar 13 17:54:28 EST 2003

/usr/bin/uname -p = unknown
/bin/uname -X     = unknown

/bin/arch              = i686
/usr/bin/arch -k       = unknown
/usr/convex/getsysinfo = unknown
hostinfo               = unknown
/bin/machine           = unknown
/usr/bin/oslevel       = unknown
/bin/universe          = unknown

PATH: /usr/local/sbin
PATH: /usr/sbin
PATH: /sbin
PATH: /usr/kerberos/bin
PATH: /usr/local/bin
PATH: /bin
PATH: /usr/bin
PATH: /usr/X11R6/bin
PATH: /home/yutaka/bin


## ----------- ##
## Core tests. ##
## ----------- ##

configure:1276: checking for a BSD-compatible install
configure:1330: result: /usr/bin/install -c
configure:1341: checking whether build environment is sane
configure:1384: result: yes
configure:1417: checking for gawk
configure:1433: found /bin/gawk
configure:1443: result: gawk
configure:1453: checking whether make sets $(MAKE)
configure:1473: result: yes
configure:1669: checking for gcc
configure:1685: found /usr/bin/gcc
configure:1695: result: gcc
configure:1939: checking for C compiler version
configure:1942: gcc --version </dev/null >&5
gcc (GCC) 3.2.2 20030222 (Red Hat Linux 3.2.2-5)
Copyright (C) 2002 Free Software Foundation, Inc.
This is free software; see the source for copying conditions.  There is NO
warranty; not even for MERCHANTABILITY or FITNESS FOR A PARTICULAR PURPOSE.

configure:1945: $? = 0
configure:1947: gcc -v </dev/null >&5
Reading specs from /usr/lib/gcc-lib/i386-redhat-linux/3.2.2/specs
Configured with: ../configure --prefix=/usr --mandir=/usr/share/man --infodir=/usr/share/info --enable-shared --enable-threads=posix --disable-checking --with-system-zlib --enable-__cxa_atexit --host=i386-redhat-linux
Thread model: posix
gcc version 3.2.2 20030222 (Red Hat Linux 3.2.2-5)
configure:1950: $? = 0
configure:1952: gcc -V </dev/null >&5
gcc: argument to `-V' is missing
configure:1955: $? = 1
configure:1979: checking for C compiler default output
configure:1982: gcc    conftest.c  >&5
configure:1985: $? = 0
configure:2031: result: a.out
configure:2036: checking whether the C compiler works
configure:2042: ./a.out
configure:2045: $? = 0
configure:2062: result: yes
configure:2069: checking whether we are cross compiling
configure:2071: result: no
configure:2074: checking for suffix of executables
configure:2076: gcc -o conftest    conftest.c  >&5
configure:2079: $? = 0
configure:2104: result: 
configure:2110: checking for suffix of object files
configure:2132: gcc -c   conftest.c >&5
configure:2135: $? = 0
configure:2157: result: o
configure:2161: checking whether we are using the GNU C compiler
configure:2186: gcc -c   conftest.c >&5
configure:2189: $? = 0
configure:2192: test -s conftest.o
configure:2195: $? = 0
configure:2208: result: yes
configure:2214: checking whether gcc accepts -g
configure:2236: gcc -c -g  conftest.c >&5
configure:2239: $? = 0
configure:2242: test -s conftest.o
configure:2245: $? = 0
configure:2256: result: yes
configure:2273: checking for gcc option to accept ANSI C
configure:2334: gcc  -c -g -O2  conftest.c >&5
configure:2337: $? = 0
configure:2340: test -s conftest.o
configure:2343: $? = 0
configure:2361: result: none needed
configure:2379: gcc -c -g -O2  conftest.c >&5
conftest.c:2: parse error before "me"
configure:2382: $? = 1
configure: failed program was:
| #ifndef __cplusplus
|   choke me
| #endif
configure:2510: checking for style of include used by make
configure:2538: result: GNU
configure:2566: checking dependency style of gcc
configure:2628: result: gcc3
configure:2746: creating ./config.status

## ---------------------- ##
## Running config.status. ##
## ---------------------- ##

This file was extended by main config.status 1.00, which was
generated by GNU Autoconf 2.57.  Invocation command line was

  CONFIG_FILES    = 
  CONFIG_HEADERS  = 
  CONFIG_LINKS    = 
  CONFIG_COMMANDS = 
  $ ./config.status 

on haruka

config.status:647: creating Makefile
config.status:647: creating src/Makefile
config.status:751: creating config.h
config.status:936: executing depfiles commands

## ---------------- ##
## Cache variables. ##
## ---------------- ##

ac_cv_c_compiler_gnu=yes
ac_cv_env_CC_set=
ac_cv_env_CC_value=
ac_cv_env_CFLAGS_set=
ac_cv_env_CFLAGS_value=
ac_cv_env_CPPFLAGS_set=
ac_cv_env_CPPFLAGS_value=
ac_cv_env_LDFLAGS_set=
ac_cv_env_LDFLAGS_value=
ac_cv_env_build_alias_set=
ac_cv_env_build_alias_value=
ac_cv_env_host_alias_set=
ac_cv_env_host_alias_value=
ac_cv_env_target_alias_set=
ac_cv_env_target_alias_value=
ac_cv_exeext=
ac_cv_objext=o
ac_cv_path_install='/usr/bin/install -c'
ac_cv_prog_AWK=gawk
ac_cv_prog_ac_ct_CC=gcc
ac_cv_prog_cc_g=yes
ac_cv_prog_cc_stdc=
ac_cv_prog_make_make_set=yes
am_cv_CC_dependencies_compiler_type=gcc3

## ----------------- ##
## Output variables. ##
## ----------------- ##

ACLOCAL='${SHELL} /home/yutaka/src/make_auto/missing --run aclocal-1.6'
AMDEPBACKSLASH='\'
AMDEP_FALSE='#'
AMDEP_TRUE=''
AMTAR='${SHELL} /home/yutaka/src/make_auto/missing --run tar'
AUTOCONF='${SHELL} /home/yutaka/src/make_auto/missing --run autoconf'
AUTOHEADER='${SHELL} /home/yutaka/src/make_auto/missing --run autoheader'
AUTOMAKE='${SHELL} /home/yutaka/src/make_auto/missing --run automake-1.6'
AWK='gawk'
CC='gcc'
CCDEPMODE='depmode=gcc3'
CFLAGS='-g -O2'
CPPFLAGS=''
DEFS='-DHAVE_CONFIG_H'
DEPDIR='.deps'
ECHO_C=''
ECHO_N='-n'
ECHO_T=''
EXEEXT=''
INSTALL_DATA='${INSTALL} -m 644'
INSTALL_PROGRAM='${INSTALL}'
INSTALL_SCRIPT='${INSTALL}'
INSTALL_STRIP_PROGRAM='${SHELL} $(install_sh) -c -s'
LDFLAGS=''
LIBOBJS=''
LIBS=''
LTLIBOBJS=''
MAKEINFO='${SHELL} /home/yutaka/src/make_auto/missing --run makeinfo'
OBJEXT='o'
PACKAGE='main'
PACKAGE_BUGREPORT='foo@example.com'
PACKAGE_NAME='main'
PACKAGE_STRING='main 1.00'
PACKAGE_TARNAME='main'
PACKAGE_VERSION='1.00'
PATH_SEPARATOR=':'
SET_MAKE=''
SHELL='/bin/sh'
STRIP=''
VERSION='1.00'
ac_ct_CC='gcc'
ac_ct_STRIP=''
am__include='include'
am__quote=''
bindir='${exec_prefix}/bin'
build_alias=''
datadir='${prefix}/share'
exec_prefix='${prefix}'
host_alias=''
includedir='${prefix}/include'
infodir='${prefix}/info'
install_sh='/home/yutaka/src/make_auto/install-sh'
libdir='${exec_prefix}/lib'
libexecdir='${exec_prefix}/libexec'
localstatedir='${prefix}/var'
mandir='${prefix}/man'
oldincludedir='/usr/include'
prefix='/usr/local'
program_transform_name='s,x,x,'
sbindir='${exec_prefix}/sbin'
sharedstatedir='${prefix}/com'
sysconfdir='${prefix}/etc'
target_alias=''

## ----------- ##
## confdefs.h. ##
## ----------- ##

#define PACKAGE "main"
#define PACKAGE_BUGREPORT "foo@example.com"
#define PACKAGE_NAME "main"
#define PACKAGE_STRING "main 1.00"
#define PACKAGE_TARNAME "main"
#define PACKAGE_VERSION "1.00"
#define VERSION "1.00"

configure: exit 0

## ---------------------- ##
## Running config.status. ##
## ---------------------- ##

This file was extended by main config.status 1.00, which was
generated by GNU Autoconf 2.57.  Invocation command line was

  CONFIG_FILES    = 
  CONFIG_HEADERS  = 
  CONFIG_LINKS    = 
  CONFIG_COMMANDS = 
  $ ./config.status config.h

on haruka

config.status:751: creating config.h

## ---------------------- ##
## Running config.status. ##
## ---------------------- ##

This file was extended by main config.status 1.00, which was
generated by GNU Autoconf 2.57.  Invocation command line was

  CONFIG_FILES    = 
  CONFIG_HEADERS  = 
  CONFIG_LINKS    = 
  CONFIG_COMMANDS = 
  $ ./config.status config.h

on haruka

config.status:751: creating config.h
config.status:836: config.h is unchanged
